0: 524376
1: 307665
2: 151479
3: 94011
4: 63616
5: 45431
6: 34530
7: 27250
8: 22454
9: 19016
10: 16516
11: 15190
12: 15137
13: 19156
14: 48885
15: 1158043
16: 1683967
17: 46734
18: 15689
19: 9662
20: 7960
21: 6971
22: 6657
23: 6199
24: 5912
25: 5584
26: 5537
27: 5322
28: 5082
29: 4812
30: 4847
31: 4626
32: 4511
33: 4390
34: 4269
35: 4240
36: 4008
37: 4042
38: 3962
39: 3714
40: 3772
41: 3793
42: 3693
43: 3622
44: 3527
45: 3606
46: 3475
47: 3381
48: 3417
49: 3204
50: 3313
51: 3230
52: 3148
53: 3266
54: 2993
55: 3079
56: 3002
57: 2835
58: 2902
59: 3054
60: 2922
61: 2864
62: 2803
63: 2839
64: 2797
65: 2813
66: 2699
67: 2745
68: 2648
69: 2595
70: 2655
71: 2723
72: 2535
73: 2599
74: 2597
75: 2530
76: 2462
77: 2540
78: 2573
79: 2549
80: 2536
81: 2477
82: 2567
83: 2530
84: 2458
85: 2405
86: 2383
87: 2327
88: 2437
89: 2289
90: 2341
91: 2379
92: 2304
93: 2353
94: 2308
95: 2255
96: 2315
97: 2234
98: 2291
99: 2204
100: 2287
101: 2249
102: 2263
103: 2222
104: 2197
105: 2261
106: 2160
107: 2227
108: 2227
109: 2177
110: 2167
111: 2098
112: 2189
113: 2121
114: 2199
115: 2096
116: 2165
117: 2164
118: 2129
119: 2171
120: 2167
121: 2230
122: 2074
123: 2177
124: 2226
125: 2144
126: 2220
127: 2127
128: 2154
129: 2154
130: 2146
131: 2167
132: 2176
133: 2138
134: 2113
135: 2139
136: 2294
137: 2211
138: 2206
139: 2130
140: 2131
141: 2128
142: 2159
143: 2086
144: 2224
145: 2220
146: 2156
147: 2151
148: 2106
149: 2250
150: 2312
151: 2202
152: 2243
153: 2276
154: 2259
155: 2206
156: 2224
157: 2228
158: 2317
159: 2306
160: 2299
161: 2345
162: 2275
163: 2340
164: 2374
165: 2309
166: 2283
167: 2338
168: 2409
169: 2418
170: 2386
171: 2337
172: 2402
173: 2450
174: 2420
175: 2462
176: 2410
177: 2445
178: 2506
179: 2536
180: 2478
181: 2607
182: 2552
183: 2582
184: 2680
185: 2577
186: 2579
187: 2685
188: 2668
189: 2629
190: 2765
191: 2710
192: 2805
193: 2896
194: 2894
195: 2913
196: 2950
197: 2910
198: 2936
199: 3009
200: 2983
201: 3080
202: 3056
203: 3058
204: 3066
205: 3156
206: 3333
207: 3272
208: 3289
209: 3404
210: 3358
211: 3486
212: 3572
213: 3476
214: 3620
215: 3758
216: 3733
217: 3857
218: 3953
219: 3932
220: 4067
221: 4321
222: 4291
223: 4337
224: 4501
225: 4524
226: 4708
227: 4916
228: 4940
229: 5089
230: 5247
231: 5535
232: 5746
233: 5999
234: 6201
235: 6610
236: 6820
237: 7133
238: 7704
239: 8180
240: 8595
241: 9427
242: 10156
243: 11109
244: 12196
245: 13684
246: 15538
247: 18144
248: 21431
249: 26450
250: 33743
251: 45138
252: 62992
253: 95206
254: 154074
255: 309946
